[0.446s] Invoking command in '/root/workspace_folder/src/py_trees': PYTHONPATH=/root/workspace_folder/install/py_trees_ros_tutorials/lib/python3.8/site-packages:${PYTHONPATH} /usr/bin/python3 setup.py egg_info --egg-base /root/workspace_folder/build/py_trees_ros_tutorials build --build-base /root/workspace_folder/build/py_trees_ros_tutorials/build install --prefix /root/workspace_folder/install/py_trees_ros_tutorials --record /root/workspace_folder/build/py_trees_ros_tutorials/install.log --single-version-externally-managed
[0.867s] running egg_info
[0.868s] writing /root/workspace_folder/build/py_trees_ros_tutorials/py_trees_ros_tutorials.egg-info/PKG-INFO
[0.868s] writing dependency_links to /root/workspace_folder/build/py_trees_ros_tutorials/py_trees_ros_tutorials.egg-info/dependency_links.txt
[0.869s] writing entry points to /root/workspace_folder/build/py_trees_ros_tutorials/py_trees_ros_tutorials.egg-info/entry_points.txt
[0.869s] writing top-level names to /root/workspace_folder/build/py_trees_ros_tutorials/py_trees_ros_tutorials.egg-info/top_level.txt
[1.096s] reading manifest file '/root/workspace_folder/build/py_trees_ros_tutorials/py_trees_ros_tutorials.egg-info/SOURCES.txt'
[1.271s] writing manifest file '/root/workspace_folder/build/py_trees_ros_tutorials/py_trees_ros_tutorials.egg-info/SOURCES.txt'
[1.272s] running build
[1.272s] running build_py
[1.312s] copying py_trees_ros_tutorials/two_battery_check.py -> /root/workspace_folder/build/py_trees_ros_tutorials/build/lib/py_trees_ros_tutorials
[1.567s] running install
[1.569s] redirecting scripts
[1.569s]   from: /root/workspace_folder/install/py_trees_ros_tutorials/bin
[1.569s]     to: /root/workspace_folder/install/py_trees_ros_tutorials/lib/py_trees_ros_tutorials
[1.569s] running install_lib
[1.572s] copying /root/workspace_folder/build/py_trees_ros_tutorials/build/lib/py_trees_ros_tutorials/two_battery_check.py -> /root/workspace_folder/install/py_trees_ros_tutorials/lib/python3.8/site-packages/py_trees_ros_tutorials
[1.575s] byte-compiling /root/workspace_folder/install/py_trees_ros_tutorials/lib/python3.8/site-packages/py_trees_ros_tutorials/two_battery_check.py to two_battery_check.cpython-38.pyc
[1.577s]   File "/root/workspace_folder/install/py_trees_ros_tutorials/lib/python3.8/site-packages/py_trees_ros_tutorials/two_battery_check.py", line 88
[1.577s]     import from sensor_msgs.msg import Range
[1.578s]            ^
[1.578s] SyntaxError: invalid syntax
[1.578s] 
[1.578s] running install_data
[1.656s] running install_egg_info
[1.657s] removing '/root/workspace_folder/install/py_trees_ros_tutorials/lib/python3.8/site-packages/py_trees_ros_tutorials-2.1.0-py3.8.egg-info' (and everything under it)
[1.658s] Copying /root/workspace_folder/build/py_trees_ros_tutorials/py_trees_ros_tutorials.egg-info to /root/workspace_folder/install/py_trees_ros_tutorials/lib/python3.8/site-packages/py_trees_ros_tutorials-2.1.0-py3.8.egg-info
[1.659s] running install_scripts
[1.664s] Installing mock-battery script to /root/workspace_folder/install/py_trees_ros_tutorials/lib/py_trees_ros_tutorials
[1.664s] Installing mock-dashboard script to /root/workspace_folder/install/py_trees_ros_tutorials/lib/py_trees_ros_tutorials
[1.665s] Installing mock-dock-client script to /root/workspace_folder/install/py_trees_ros_tutorials/lib/py_trees_ros_tutorials
[1.665s] Installing mock-docking-controller script to /root/workspace_folder/install/py_trees_ros_tutorials/lib/py_trees_ros_tutorials
[1.666s] Installing mock-led-strip script to /root/workspace_folder/install/py_trees_ros_tutorials/lib/py_trees_ros_tutorials
[1.666s] Installing mock-move-base script to /root/workspace_folder/install/py_trees_ros_tutorials/lib/py_trees_ros_tutorials
[1.667s] Installing mock-move-base-client script to /root/workspace_folder/install/py_trees_ros_tutorials/lib/py_trees_ros_tutorials
[1.668s] Installing mock-rotate-client script to /root/workspace_folder/install/py_trees_ros_tutorials/lib/py_trees_ros_tutorials
[1.668s] Installing mock-rotation-controller script to /root/workspace_folder/install/py_trees_ros_tutorials/lib/py_trees_ros_tutorials
[1.668s] Installing mock-safety-sensors script to /root/workspace_folder/install/py_trees_ros_tutorials/lib/py_trees_ros_tutorials
[1.669s] Installing simple-tree-example script to /root/workspace_folder/install/py_trees_ros_tutorials/lib/py_trees_ros_tutorials
[1.669s] Installing tree-action-clients script to /root/workspace_folder/install/py_trees_ros_tutorials/lib/py_trees_ros_tutorials
[1.669s] Installing tree-battery-check script to /root/workspace_folder/install/py_trees_ros_tutorials/lib/py_trees_ros_tutorials
[1.670s] Installing tree-context-switching script to /root/workspace_folder/install/py_trees_ros_tutorials/lib/py_trees_ros_tutorials
[1.670s] Installing tree-data-gathering script to /root/workspace_folder/install/py_trees_ros_tutorials/lib/py_trees_ros_tutorials
[1.670s] Installing tree-docking-cancelling-failing script to /root/workspace_folder/install/py_trees_ros_tutorials/lib/py_trees_ros_tutorials
[1.670s] Installing tree-dynamic-application-loading script to /root/workspace_folder/install/py_trees_ros_tutorials/lib/py_trees_ros_tutorials
[1.679s] writing list of installed files to '/root/workspace_folder/build/py_trees_ros_tutorials/install.log'
[1.724s] Invoked command in '/root/workspace_folder/src/py_trees' returned '0': PYTHONPATH=/root/workspace_folder/install/py_trees_ros_tutorials/lib/python3.8/site-packages:${PYTHONPATH} /usr/bin/python3 setup.py egg_info --egg-base /root/workspace_folder/build/py_trees_ros_tutorials build --build-base /root/workspace_folder/build/py_trees_ros_tutorials/build install --prefix /root/workspace_folder/install/py_trees_ros_tutorials --record /root/workspace_folder/build/py_trees_ros_tutorials/install.log --single-version-externally-managed
