running egg_info
creating /root/workspace_folder/build/py_trees_ros_tutorials/py_trees_ros_tutorials.egg-info
writing /root/workspace_folder/build/py_trees_ros_tutorials/py_trees_ros_tutorials.egg-info/PKG-INFO
writing dependency_links to /root/workspace_folder/build/py_trees_ros_tutorials/py_trees_ros_tutorials.egg-info/dependency_links.txt
writing entry points to /root/workspace_folder/build/py_trees_ros_tutorials/py_trees_ros_tutorials.egg-info/entry_points.txt
writing top-level names to /root/workspace_folder/build/py_trees_ros_tutorials/py_trees_ros_tutorials.egg-info/top_level.txt
writing manifest file '/root/workspace_folder/build/py_trees_ros_tutorials/py_trees_ros_tutorials.egg-info/SOURCES.txt'
reading manifest file '/root/workspace_folder/build/py_trees_ros_tutorials/py_trees_ros_tutorials.egg-info/SOURCES.txt'
writing manifest file '/root/workspace_folder/build/py_trees_ros_tutorials/py_trees_ros_tutorials.egg-info/SOURCES.txt'
running build
running build_py
creating /root/workspace_folder/build/py_trees_ros_tutorials/build
creating /root/workspace_folder/build/py_trees_ros_tutorials/build/lib
creating /root/workspace_folder/build/py_trees_ros_tutorials/build/lib/py_trees_ros_tutorials
copying py_trees_ros_tutorials/basic_behaviour.py -> /root/workspace_folder/build/py_trees_ros_tutorials/build/lib/py_trees_ros_tutorials
copying py_trees_ros_tutorials/basic_behaviour_1.py -> /root/workspace_folder/build/py_trees_ros_tutorials/build/lib/py_trees_ros_tutorials
copying py_trees_ros_tutorials/basic_behaviour_2.py -> /root/workspace_folder/build/py_trees_ros_tutorials/build/lib/py_trees_ros_tutorials
copying py_trees_ros_tutorials/behaviours.py -> /root/workspace_folder/build/py_trees_ros_tutorials/build/lib/py_trees_ros_tutorials
copying py_trees_ros_tutorials/five_action_clients.py -> /root/workspace_folder/build/py_trees_ros_tutorials/build/lib/py_trees_ros_tutorials
copying py_trees_ros_tutorials/five_action_clients_tmp.py -> /root/workspace_folder/build/py_trees_ros_tutorials/build/lib/py_trees_ros_tutorials
copying py_trees_ros_tutorials/one_data_gathering.py -> /root/workspace_folder/build/py_trees_ros_tutorials/build/lib/py_trees_ros_tutorials
copying py_trees_ros_tutorials/simple_tree_example.py -> /root/workspace_folder/build/py_trees_ros_tutorials/build/lib/py_trees_ros_tutorials
copying py_trees_ros_tutorials/two_battery_check.py -> /root/workspace_folder/build/py_trees_ros_tutorials/build/lib/py_trees_ros_tutorials
copying py_trees_ros_tutorials/version.py -> /root/workspace_folder/build/py_trees_ros_tutorials/build/lib/py_trees_ros_tutorials
copying py_trees_ros_tutorials/__init__.py -> /root/workspace_folder/build/py_trees_ros_tutorials/build/lib/py_trees_ros_tutorials
creating /root/workspace_folder/build/py_trees_ros_tutorials/build/lib/py_trees_ros_tutorials/mock
copying py_trees_ros_tutorials/mock/actions.py -> /root/workspace_folder/build/py_trees_ros_tutorials/build/lib/py_trees_ros_tutorials/mock
copying py_trees_ros_tutorials/mock/battery.py -> /root/workspace_folder/build/py_trees_ros_tutorials/build/lib/py_trees_ros_tutorials/mock
copying py_trees_ros_tutorials/mock/dashboard.py -> /root/workspace_folder/build/py_trees_ros_tutorials/build/lib/py_trees_ros_tutorials/mock
copying py_trees_ros_tutorials/mock/dock.py -> /root/workspace_folder/build/py_trees_ros_tutorials/build/lib/py_trees_ros_tutorials/mock
copying py_trees_ros_tutorials/mock/launch.py -> /root/workspace_folder/build/py_trees_ros_tutorials/build/lib/py_trees_ros_tutorials/mock
copying py_trees_ros_tutorials/mock/led_strip.py -> /root/workspace_folder/build/py_trees_ros_tutorials/build/lib/py_trees_ros_tutorials/mock
copying py_trees_ros_tutorials/mock/move_base.py -> /root/workspace_folder/build/py_trees_ros_tutorials/build/lib/py_trees_ros_tutorials/mock
copying py_trees_ros_tutorials/mock/rotate.py -> /root/workspace_folder/build/py_trees_ros_tutorials/build/lib/py_trees_ros_tutorials/mock
copying py_trees_ros_tutorials/mock/safety_sensors.py -> /root/workspace_folder/build/py_trees_ros_tutorials/build/lib/py_trees_ros_tutorials/mock
copying py_trees_ros_tutorials/mock/__init__.py -> /root/workspace_folder/build/py_trees_ros_tutorials/build/lib/py_trees_ros_tutorials/mock
creating /root/workspace_folder/build/py_trees_ros_tutorials/build/lib/py_trees_ros_tutorials/mock/gui
copying py_trees_ros_tutorials/mock/gui/configuration_group_box.py -> /root/workspace_folder/build/py_trees_ros_tutorials/build/lib/py_trees_ros_tutorials/mock/gui
copying py_trees_ros_tutorials/mock/gui/configuration_group_box_ui.py -> /root/workspace_folder/build/py_trees_ros_tutorials/build/lib/py_trees_ros_tutorials/mock/gui
copying py_trees_ros_tutorials/mock/gui/dashboard_group_box.py -> /root/workspace_folder/build/py_trees_ros_tutorials/build/lib/py_trees_ros_tutorials/mock/gui
copying py_trees_ros_tutorials/mock/gui/dashboard_group_box_ui.py -> /root/workspace_folder/build/py_trees_ros_tutorials/build/lib/py_trees_ros_tutorials/mock/gui
copying py_trees_ros_tutorials/mock/gui/main_window.py -> /root/workspace_folder/build/py_trees_ros_tutorials/build/lib/py_trees_ros_tutorials/mock/gui
copying py_trees_ros_tutorials/mock/gui/main_window_rc.py -> /root/workspace_folder/build/py_trees_ros_tutorials/build/lib/py_trees_ros_tutorials/mock/gui
copying py_trees_ros_tutorials/mock/gui/main_window_ui.py -> /root/workspace_folder/build/py_trees_ros_tutorials/build/lib/py_trees_ros_tutorials/mock/gui
copying py_trees_ros_tutorials/mock/gui/__init__.py -> /root/workspace_folder/build/py_trees_ros_tutorials/build/lib/py_trees_ros_tutorials/mock/gui
copying py_trees_ros_tutorials/mock/gui/configuration_group_box.ui -> /root/workspace_folder/build/py_trees_ros_tutorials/build/lib/py_trees_ros_tutorials/mock/gui
copying py_trees_ros_tutorials/mock/gui/dashboard_group_box.ui -> /root/workspace_folder/build/py_trees_ros_tutorials/build/lib/py_trees_ros_tutorials/mock/gui
copying py_trees_ros_tutorials/mock/gui/gen.bash -> /root/workspace_folder/build/py_trees_ros_tutorials/build/lib/py_trees_ros_tutorials/mock/gui
copying py_trees_ros_tutorials/mock/gui/main_window.qrc -> /root/workspace_folder/build/py_trees_ros_tutorials/build/lib/py_trees_ros_tutorials/mock/gui
copying py_trees_ros_tutorials/mock/gui/main_window.ui -> /root/workspace_folder/build/py_trees_ros_tutorials/build/lib/py_trees_ros_tutorials/mock/gui
copying py_trees_ros_tutorials/mock/gui/tuxrobot.png -> /root/workspace_folder/build/py_trees_ros_tutorials/build/lib/py_trees_ros_tutorials/mock/gui
running install
redirecting scripts
  from: /root/workspace_folder/install/py_trees_ros_tutorials/bin
    to: /root/workspace_folder/install/py_trees_ros_tutorials/lib/py_trees_ros_tutorials
running install_lib
creating /root/workspace_folder/install/py_trees_ros_tutorials/lib/python3.8/site-packages/py_trees_ros_tutorials
copying /root/workspace_folder/build/py_trees_ros_tutorials/build/lib/py_trees_ros_tutorials/basic_behaviour_2.py -> /root/workspace_folder/install/py_trees_ros_tutorials/lib/python3.8/site-packages/py_trees_ros_tutorials
copying /root/workspace_folder/build/py_trees_ros_tutorials/build/lib/py_trees_ros_tutorials/version.py -> /root/workspace_folder/install/py_trees_ros_tutorials/lib/python3.8/site-packages/py_trees_ros_tutorials
copying /root/workspace_folder/build/py_trees_ros_tutorials/build/lib/py_trees_ros_tutorials/simple_tree_example.py -> /root/workspace_folder/install/py_trees_ros_tutorials/lib/python3.8/site-packages/py_trees_ros_tutorials
copying /root/workspace_folder/build/py_trees_ros_tutorials/build/lib/py_trees_ros_tutorials/behaviours.py -> /root/workspace_folder/install/py_trees_ros_tutorials/lib/python3.8/site-packages/py_trees_ros_tutorials
copying /root/workspace_folder/build/py_trees_ros_tutorials/build/lib/py_trees_ros_tutorials/five_action_clients_tmp.py -> /root/workspace_folder/install/py_trees_ros_tutorials/lib/python3.8/site-packages/py_trees_ros_tutorials
creating /root/workspace_folder/install/py_trees_ros_tutorials/lib/python3.8/site-packages/py_trees_ros_tutorials/mock
copying /root/workspace_folder/build/py_trees_ros_tutorials/build/lib/py_trees_ros_tutorials/mock/dock.py -> /root/workspace_folder/install/py_trees_ros_tutorials/lib/python3.8/site-packages/py_trees_ros_tutorials/mock
copying /root/workspace_folder/build/py_trees_ros_tutorials/build/lib/py_trees_ros_tutorials/mock/move_base.py -> /root/workspace_folder/install/py_trees_ros_tutorials/lib/python3.8/site-packages/py_trees_ros_tutorials/mock
copying /root/workspace_folder/build/py_trees_ros_tutorials/build/lib/py_trees_ros_tutorials/mock/safety_sensors.py -> /root/workspace_folder/install/py_trees_ros_tutorials/lib/python3.8/site-packages/py_trees_ros_tutorials/mock
copying /root/workspace_folder/build/py_trees_ros_tutorials/build/lib/py_trees_ros_tutorials/mock/led_strip.py -> /root/workspace_folder/install/py_trees_ros_tutorials/lib/python3.8/site-packages/py_trees_ros_tutorials/mock
copying /root/workspace_folder/build/py_trees_ros_tutorials/build/lib/py_trees_ros_tutorials/mock/rotate.py -> /root/workspace_folder/install/py_trees_ros_tutorials/lib/python3.8/site-packages/py_trees_ros_tutorials/mock
copying /root/workspace_folder/build/py_trees_ros_tutorials/build/lib/py_trees_ros_tutorials/mock/battery.py -> /root/workspace_folder/install/py_trees_ros_tutorials/lib/python3.8/site-packages/py_trees_ros_tutorials/mock
creating /root/workspace_folder/install/py_trees_ros_tutorials/lib/python3.8/site-packages/py_trees_ros_tutorials/mock/gui
copying /root/workspace_folder/build/py_trees_ros_tutorials/build/lib/py_trees_ros_tutorials/mock/gui/configuration_group_box.py -> /root/workspace_folder/install/py_trees_ros_tutorials/lib/python3.8/site-packages/py_trees_ros_tutorials/mock/gui
copying /root/workspace_folder/build/py_trees_ros_tutorials/build/lib/py_trees_ros_tutorials/mock/gui/dashboard_group_box_ui.py -> /root/workspace_folder/install/py_trees_ros_tutorials/lib/python3.8/site-packages/py_trees_ros_tutorials/mock/gui
copying /root/workspace_folder/build/py_trees_ros_tutorials/build/lib/py_trees_ros_tutorials/mock/gui/main_window.qrc -> /root/workspace_folder/install/py_trees_ros_tutorials/lib/python3.8/site-packages/py_trees_ros_tutorials/mock/gui
copying /root/workspace_folder/build/py_trees_ros_tutorials/build/lib/py_trees_ros_tutorials/mock/gui/tuxrobot.png -> /root/workspace_folder/install/py_trees_ros_tutorials/lib/python3.8/site-packages/py_trees_ros_tutorials/mock/gui
copying /root/workspace_folder/build/py_trees_ros_tutorials/build/lib/py_trees_ros_tutorials/mock/gui/main_window.py -> /root/workspace_folder/install/py_trees_ros_tutorials/lib/python3.8/site-packages/py_trees_ros_tutorials/mock/gui
copying /root/workspace_folder/build/py_trees_ros_tutorials/build/lib/py_trees_ros_tutorials/mock/gui/main_window_ui.py -> /root/workspace_folder/install/py_trees_ros_tutorials/lib/python3.8/site-packages/py_trees_ros_tutorials/mock/gui
copying /root/workspace_folder/build/py_trees_ros_tutorials/build/lib/py_trees_ros_tutorials/mock/gui/main_window_rc.py -> /root/workspace_folder/install/py_trees_ros_tutorials/lib/python3.8/site-packages/py_trees_ros_tutorials/mock/gui
copying /root/workspace_folder/build/py_trees_ros_tutorials/build/lib/py_trees_ros_tutorials/mock/gui/configuration_group_box.ui -> /root/workspace_folder/install/py_trees_ros_tutorials/lib/python3.8/site-packages/py_trees_ros_tutorials/mock/gui
copying /root/workspace_folder/build/py_trees_ros_tutorials/build/lib/py_trees_ros_tutorials/mock/gui/dashboard_group_box.py -> /root/workspace_folder/install/py_trees_ros_tutorials/lib/python3.8/site-packages/py_trees_ros_tutorials/mock/gui
copying /root/workspace_folder/build/py_trees_ros_tutorials/build/lib/py_trees_ros_tutorials/mock/gui/configuration_group_box_ui.py -> /root/workspace_folder/install/py_trees_ros_tutorials/lib/python3.8/site-packages/py_trees_ros_tutorials/mock/gui
copying /root/workspace_folder/build/py_trees_ros_tutorials/build/lib/py_trees_ros_tutorials/mock/gui/main_window.ui -> /root/workspace_folder/install/py_trees_ros_tutorials/lib/python3.8/site-packages/py_trees_ros_tutorials/mock/gui
copying /root/workspace_folder/build/py_trees_ros_tutorials/build/lib/py_trees_ros_tutorials/mock/gui/gen.bash -> /root/workspace_folder/install/py_trees_ros_tutorials/lib/python3.8/site-packages/py_trees_ros_tutorials/mock/gui
copying /root/workspace_folder/build/py_trees_ros_tutorials/build/lib/py_trees_ros_tutorials/mock/gui/__init__.py -> /root/workspace_folder/install/py_trees_ros_tutorials/lib/python3.8/site-packages/py_trees_ros_tutorials/mock/gui
copying /root/workspace_folder/build/py_trees_ros_tutorials/build/lib/py_trees_ros_tutorials/mock/gui/dashboard_group_box.ui -> /root/workspace_folder/install/py_trees_ros_tutorials/lib/python3.8/site-packages/py_trees_ros_tutorials/mock/gui
copying /root/workspace_folder/build/py_trees_ros_tutorials/build/lib/py_trees_ros_tutorials/mock/launch.py -> /root/workspace_folder/install/py_trees_ros_tutorials/lib/python3.8/site-packages/py_trees_ros_tutorials/mock
copying /root/workspace_folder/build/py_trees_ros_tutorials/build/lib/py_trees_ros_tutorials/mock/dashboard.py -> /root/workspace_folder/install/py_trees_ros_tutorials/lib/python3.8/site-packages/py_trees_ros_tutorials/mock
copying /root/workspace_folder/build/py_trees_ros_tutorials/build/lib/py_trees_ros_tutorials/mock/actions.py -> /root/workspace_folder/install/py_trees_ros_tutorials/lib/python3.8/site-packages/py_trees_ros_tutorials/mock
copying /root/workspace_folder/build/py_trees_ros_tutorials/build/lib/py_trees_ros_tutorials/mock/__init__.py -> /root/workspace_folder/install/py_trees_ros_tutorials/lib/python3.8/site-packages/py_trees_ros_tutorials/mock
copying /root/workspace_folder/build/py_trees_ros_tutorials/build/lib/py_trees_ros_tutorials/two_battery_check.py -> /root/workspace_folder/install/py_trees_ros_tutorials/lib/python3.8/site-packages/py_trees_ros_tutorials
copying /root/workspace_folder/build/py_trees_ros_tutorials/build/lib/py_trees_ros_tutorials/basic_behaviour.py -> /root/workspace_folder/install/py_trees_ros_tutorials/lib/python3.8/site-packages/py_trees_ros_tutorials
copying /root/workspace_folder/build/py_trees_ros_tutorials/build/lib/py_trees_ros_tutorials/__init__.py -> /root/workspace_folder/install/py_trees_ros_tutorials/lib/python3.8/site-packages/py_trees_ros_tutorials
copying /root/workspace_folder/build/py_trees_ros_tutorials/build/lib/py_trees_ros_tutorials/five_action_clients.py -> /root/workspace_folder/install/py_trees_ros_tutorials/lib/python3.8/site-packages/py_trees_ros_tutorials
copying /root/workspace_folder/build/py_trees_ros_tutorials/build/lib/py_trees_ros_tutorials/one_data_gathering.py -> /root/workspace_folder/install/py_trees_ros_tutorials/lib/python3.8/site-packages/py_trees_ros_tutorials
copying /root/workspace_folder/build/py_trees_ros_tutorials/build/lib/py_trees_ros_tutorials/basic_behaviour_1.py -> /root/workspace_folder/install/py_trees_ros_tutorials/lib/python3.8/site-packages/py_trees_ros_tutorials
byte-compiling /root/workspace_folder/install/py_trees_ros_tutorials/lib/python3.8/site-packages/py_trees_ros_tutorials/basic_behaviour_2.py to basic_behaviour_2.cpython-38.pyc
byte-compiling /root/workspace_folder/install/py_trees_ros_tutorials/lib/python3.8/site-packages/py_trees_ros_tutorials/version.py to version.cpython-38.pyc
byte-compiling /root/workspace_folder/install/py_trees_ros_tutorials/lib/python3.8/site-packages/py_trees_ros_tutorials/simple_tree_example.py to simple_tree_example.cpython-38.pyc
byte-compiling /root/workspace_folder/install/py_trees_ros_tutorials/lib/python3.8/site-packages/py_trees_ros_tutorials/behaviours.py to behaviours.cpython-38.pyc
byte-compiling /root/workspace_folder/install/py_trees_ros_tutorials/lib/python3.8/site-packages/py_trees_ros_tutorials/five_action_clients_tmp.py to five_action_clients_tmp.cpython-38.pyc
byte-compiling /root/workspace_folder/install/py_trees_ros_tutorials/lib/python3.8/site-packages/py_trees_ros_tutorials/mock/dock.py to dock.cpython-38.pyc
byte-compiling /root/workspace_folder/install/py_trees_ros_tutorials/lib/python3.8/site-packages/py_trees_ros_tutorials/mock/move_base.py to move_base.cpython-38.pyc
byte-compiling /root/workspace_folder/install/py_trees_ros_tutorials/lib/python3.8/site-packages/py_trees_ros_tutorials/mock/safety_sensors.py to safety_sensors.cpython-38.pyc
byte-compiling /root/workspace_folder/install/py_trees_ros_tutorials/lib/python3.8/site-packages/py_trees_ros_tutorials/mock/led_strip.py to led_strip.cpython-38.pyc
byte-compiling /root/workspace_folder/install/py_trees_ros_tutorials/lib/python3.8/site-packages/py_trees_ros_tutorials/mock/rotate.py to rotate.cpython-38.pyc
byte-compiling /root/workspace_folder/install/py_trees_ros_tutorials/lib/python3.8/site-packages/py_trees_ros_tutorials/mock/battery.py to battery.cpython-38.pyc
byte-compiling /root/workspace_folder/install/py_trees_ros_tutorials/lib/python3.8/site-packages/py_trees_ros_tutorials/mock/gui/configuration_group_box.py to configuration_group_box.cpython-38.pyc
byte-compiling /root/workspace_folder/install/py_trees_ros_tutorials/lib/python3.8/site-packages/py_trees_ros_tutorials/mock/gui/dashboard_group_box_ui.py to dashboard_group_box_ui.cpython-38.pyc
byte-compiling /root/workspace_folder/install/py_trees_ros_tutorials/lib/python3.8/site-packages/py_trees_ros_tutorials/mock/gui/main_window.py to main_window.cpython-38.pyc
byte-compiling /root/workspace_folder/install/py_trees_ros_tutorials/lib/python3.8/site-packages/py_trees_ros_tutorials/mock/gui/main_window_ui.py to main_window_ui.cpython-38.pyc
byte-compiling /root/workspace_folder/install/py_trees_ros_tutorials/lib/python3.8/site-packages/py_trees_ros_tutorials/mock/gui/main_window_rc.py to main_window_rc.cpython-38.pyc
byte-compiling /root/workspace_folder/install/py_trees_ros_tutorials/lib/python3.8/site-packages/py_trees_ros_tutorials/mock/gui/dashboard_group_box.py to dashboard_group_box.cpython-38.pyc
byte-compiling /root/workspace_folder/install/py_trees_ros_tutorials/lib/python3.8/site-packages/py_trees_ros_tutorials/mock/gui/configuration_group_box_ui.py to configuration_group_box_ui.cpython-38.pyc
byte-compiling /root/workspace_folder/install/py_trees_ros_tutorials/lib/python3.8/site-packages/py_trees_ros_tutorials/mock/gui/__init__.py to __init__.cpython-38.pyc
byte-compiling /root/workspace_folder/install/py_trees_ros_tutorials/lib/python3.8/site-packages/py_trees_ros_tutorials/mock/launch.py to launch.cpython-38.pyc
byte-compiling /root/workspace_folder/install/py_trees_ros_tutorials/lib/python3.8/site-packages/py_trees_ros_tutorials/mock/dashboard.py to dashboard.cpython-38.pyc
byte-compiling /root/workspace_folder/install/py_trees_ros_tutorials/lib/python3.8/site-packages/py_trees_ros_tutorials/mock/actions.py to actions.cpython-38.pyc
byte-compiling /root/workspace_folder/install/py_trees_ros_tutorials/lib/python3.8/site-packages/py_trees_ros_tutorials/mock/__init__.py to __init__.cpython-38.pyc
byte-compiling /root/workspace_folder/install/py_trees_ros_tutorials/lib/python3.8/site-packages/py_trees_ros_tutorials/two_battery_check.py to two_battery_check.cpython-38.pyc
byte-compiling /root/workspace_folder/install/py_trees_ros_tutorials/lib/python3.8/site-packages/py_trees_ros_tutorials/basic_behaviour.py to basic_behaviour.cpython-38.pyc
byte-compiling /root/workspace_folder/install/py_trees_ros_tutorials/lib/python3.8/site-packages/py_trees_ros_tutorials/__init__.py to __init__.cpython-38.pyc
byte-compiling /root/workspace_folder/install/py_trees_ros_tutorials/lib/python3.8/site-packages/py_trees_ros_tutorials/five_action_clients.py to five_action_clients.cpython-38.pyc
byte-compiling /root/workspace_folder/install/py_trees_ros_tutorials/lib/python3.8/site-packages/py_trees_ros_tutorials/one_data_gathering.py to one_data_gathering.cpython-38.pyc
byte-compiling /root/workspace_folder/install/py_trees_ros_tutorials/lib/python3.8/site-packages/py_trees_ros_tutorials/basic_behaviour_1.py to basic_behaviour_1.cpython-38.pyc
running install_data
copying package.xml -> /root/workspace_folder/install/py_trees_ros_tutorials/share/py_trees_ros_tutorials
creating /root/workspace_folder/install/py_trees_ros_tutorials/share/ament_index
creating /root/workspace_folder/install/py_trees_ros_tutorials/share/ament_index/resource_index
creating /root/workspace_folder/install/py_trees_ros_tutorials/share/ament_index/resource_index/packages
copying resources/py_trees_ros_tutorials -> /root/workspace_folder/install/py_trees_ros_tutorials/share/ament_index/resource_index/packages
creating /root/workspace_folder/install/py_trees_ros_tutorials/share/py_trees_ros_tutorials/launch
copying launch/mock_robot_launch.py -> /root/workspace_folder/install/py_trees_ros_tutorials/share/py_trees_ros_tutorials/launch
copying launch/simple_tree_example_launch.py -> /root/workspace_folder/install/py_trees_ros_tutorials/share/py_trees_ros_tutorials/launch
copying launch/tutorial_eight_dynamic_application_loading_launch.py -> /root/workspace_folder/install/py_trees_ros_tutorials/share/py_trees_ros_tutorials/launch
copying launch/tutorial_five_action_clients_launch.py -> /root/workspace_folder/install/py_trees_ros_tutorials/share/py_trees_ros_tutorials/launch
copying launch/tutorial_four_introspect_the_tree_launch.py -> /root/workspace_folder/install/py_trees_ros_tutorials/share/py_trees_ros_tutorials/launch
copying launch/tutorial_one_data_gathering_launch.py -> /root/workspace_folder/install/py_trees_ros_tutorials/share/py_trees_ros_tutorials/launch
copying launch/tutorial_seven_docking_cancelling_failing_launch.py -> /root/workspace_folder/install/py_trees_ros_tutorials/share/py_trees_ros_tutorials/launch
copying launch/tutorial_six_context_switching_launch.py -> /root/workspace_folder/install/py_trees_ros_tutorials/share/py_trees_ros_tutorials/launch
copying launch/tutorial_three_introspect_the_blackboard_launch.py -> /root/workspace_folder/install/py_trees_ros_tutorials/share/py_trees_ros_tutorials/launch
copying launch/tutorial_two_battery_check_launch.py -> /root/workspace_folder/install/py_trees_ros_tutorials/share/py_trees_ros_tutorials/launch
creating /root/workspace_folder/install/py_trees_ros_tutorials/share/py_trees_ros_tutorials/launch/__pycache__
copying launch/__pycache__/mock_robot_launch.cpython-38.pyc -> /root/workspace_folder/install/py_trees_ros_tutorials/share/py_trees_ros_tutorials/launch/__pycache__
copying launch/__pycache__/tutorial_five_action_clients_launch.cpython-38.pyc -> /root/workspace_folder/install/py_trees_ros_tutorials/share/py_trees_ros_tutorials/launch/__pycache__
running install_egg_info
Copying /root/workspace_folder/build/py_trees_ros_tutorials/py_trees_ros_tutorials.egg-info to /root/workspace_folder/install/py_trees_ros_tutorials/lib/python3.8/site-packages/py_trees_ros_tutorials-2.1.0-py3.8.egg-info
running install_scripts
Installing mock-battery script to /root/workspace_folder/install/py_trees_ros_tutorials/lib/py_trees_ros_tutorials
Installing mock-dashboard script to /root/workspace_folder/install/py_trees_ros_tutorials/lib/py_trees_ros_tutorials
Installing mock-dock-client script to /root/workspace_folder/install/py_trees_ros_tutorials/lib/py_trees_ros_tutorials
Installing mock-docking-controller script to /root/workspace_folder/install/py_trees_ros_tutorials/lib/py_trees_ros_tutorials
Installing mock-led-strip script to /root/workspace_folder/install/py_trees_ros_tutorials/lib/py_trees_ros_tutorials
Installing mock-move-base script to /root/workspace_folder/install/py_trees_ros_tutorials/lib/py_trees_ros_tutorials
Installing mock-move-base-client script to /root/workspace_folder/install/py_trees_ros_tutorials/lib/py_trees_ros_tutorials
Installing mock-rotate-client script to /root/workspace_folder/install/py_trees_ros_tutorials/lib/py_trees_ros_tutorials
Installing mock-rotation-controller script to /root/workspace_folder/install/py_trees_ros_tutorials/lib/py_trees_ros_tutorials
Installing mock-safety-sensors script to /root/workspace_folder/install/py_trees_ros_tutorials/lib/py_trees_ros_tutorials
Installing simple-tree-example script to /root/workspace_folder/install/py_trees_ros_tutorials/lib/py_trees_ros_tutorials
Installing tree-action-clients script to /root/workspace_folder/install/py_trees_ros_tutorials/lib/py_trees_ros_tutorials
Installing tree-battery-check script to /root/workspace_folder/install/py_trees_ros_tutorials/lib/py_trees_ros_tutorials
Installing tree-context-switching script to /root/workspace_folder/install/py_trees_ros_tutorials/lib/py_trees_ros_tutorials
Installing tree-data-gathering script to /root/workspace_folder/install/py_trees_ros_tutorials/lib/py_trees_ros_tutorials
Installing tree-docking-cancelling-failing script to /root/workspace_folder/install/py_trees_ros_tutorials/lib/py_trees_ros_tutorials
Installing tree-dynamic-application-loading script to /root/workspace_folder/install/py_trees_ros_tutorials/lib/py_trees_ros_tutorials
writing list of installed files to '/root/workspace_folder/build/py_trees_ros_tutorials/install.log'
