[0.480s] Invoking command in '/root/workspace_folder/src/py_trees': PYTHONPATH=/root/workspace_folder/install/py_trees_ros_tutorials/lib/python3.8/site-packages:${PYTHONPATH} /usr/bin/python3 setup.py egg_info --egg-base /root/workspace_folder/build/py_trees_ros_tutorials build --build-base /root/workspace_folder/build/py_trees_ros_tutorials/build install --prefix /root/workspace_folder/install/py_trees_ros_tutorials --record /root/workspace_folder/build/py_trees_ros_tutorials/install.log --single-version-externally-managed
[0.892s] running egg_info
[0.893s] creating /root/workspace_folder/build/py_trees_ros_tutorials/py_trees_ros_tutorials.egg-info
[0.893s] writing /root/workspace_folder/build/py_trees_ros_tutorials/py_trees_ros_tutorials.egg-info/PKG-INFO
[0.893s] writing dependency_links to /root/workspace_folder/build/py_trees_ros_tutorials/py_trees_ros_tutorials.egg-info/dependency_links.txt
[0.894s] writing entry points to /root/workspace_folder/build/py_trees_ros_tutorials/py_trees_ros_tutorials.egg-info/entry_points.txt
[0.894s] writing top-level names to /root/workspace_folder/build/py_trees_ros_tutorials/py_trees_ros_tutorials.egg-info/top_level.txt
[0.897s] writing manifest file '/root/workspace_folder/build/py_trees_ros_tutorials/py_trees_ros_tutorials.egg-info/SOURCES.txt'
[1.173s] reading manifest file '/root/workspace_folder/build/py_trees_ros_tutorials/py_trees_ros_tutorials.egg-info/SOURCES.txt'
[1.268s] writing manifest file '/root/workspace_folder/build/py_trees_ros_tutorials/py_trees_ros_tutorials.egg-info/SOURCES.txt'
[1.268s] running build
[1.268s] running build_py
[1.270s] creating /root/workspace_folder/build/py_trees_ros_tutorials/build
[1.270s] creating /root/workspace_folder/build/py_trees_ros_tutorials/build/lib
[1.271s] creating /root/workspace_folder/build/py_trees_ros_tutorials/build/lib/py_trees_ros_tutorials
[1.273s] copying py_trees_ros_tutorials/basic_behaviour.py -> /root/workspace_folder/build/py_trees_ros_tutorials/build/lib/py_trees_ros_tutorials
[1.305s] copying py_trees_ros_tutorials/basic_behaviour_1.py -> /root/workspace_folder/build/py_trees_ros_tutorials/build/lib/py_trees_ros_tutorials
[1.326s] copying py_trees_ros_tutorials/basic_behaviour_2.py -> /root/workspace_folder/build/py_trees_ros_tutorials/build/lib/py_trees_ros_tutorials
[1.338s] copying py_trees_ros_tutorials/behaviours.py -> /root/workspace_folder/build/py_trees_ros_tutorials/build/lib/py_trees_ros_tutorials
[1.362s] copying py_trees_ros_tutorials/five_action_clients.py -> /root/workspace_folder/build/py_trees_ros_tutorials/build/lib/py_trees_ros_tutorials
[1.374s] copying py_trees_ros_tutorials/five_action_clients_tmp.py -> /root/workspace_folder/build/py_trees_ros_tutorials/build/lib/py_trees_ros_tutorials
[1.391s] copying py_trees_ros_tutorials/one_data_gathering.py -> /root/workspace_folder/build/py_trees_ros_tutorials/build/lib/py_trees_ros_tutorials
[1.409s] copying py_trees_ros_tutorials/simple_tree_example.py -> /root/workspace_folder/build/py_trees_ros_tutorials/build/lib/py_trees_ros_tutorials
[1.425s] copying py_trees_ros_tutorials/two_battery_check.py -> /root/workspace_folder/build/py_trees_ros_tutorials/build/lib/py_trees_ros_tutorials
[1.448s] copying py_trees_ros_tutorials/version.py -> /root/workspace_folder/build/py_trees_ros_tutorials/build/lib/py_trees_ros_tutorials
[1.471s] copying py_trees_ros_tutorials/__init__.py -> /root/workspace_folder/build/py_trees_ros_tutorials/build/lib/py_trees_ros_tutorials
[1.491s] creating /root/workspace_folder/build/py_trees_ros_tutorials/build/lib/py_trees_ros_tutorials/mock
[1.496s] copying py_trees_ros_tutorials/mock/actions.py -> /root/workspace_folder/build/py_trees_ros_tutorials/build/lib/py_trees_ros_tutorials/mock
[1.524s] copying py_trees_ros_tutorials/mock/battery.py -> /root/workspace_folder/build/py_trees_ros_tutorials/build/lib/py_trees_ros_tutorials/mock
[1.549s] copying py_trees_ros_tutorials/mock/dashboard.py -> /root/workspace_folder/build/py_trees_ros_tutorials/build/lib/py_trees_ros_tutorials/mock
[1.574s] copying py_trees_ros_tutorials/mock/dock.py -> /root/workspace_folder/build/py_trees_ros_tutorials/build/lib/py_trees_ros_tutorials/mock
[1.598s] copying py_trees_ros_tutorials/mock/launch.py -> /root/workspace_folder/build/py_trees_ros_tutorials/build/lib/py_trees_ros_tutorials/mock
[1.626s] copying py_trees_ros_tutorials/mock/led_strip.py -> /root/workspace_folder/build/py_trees_ros_tutorials/build/lib/py_trees_ros_tutorials/mock
[1.649s] copying py_trees_ros_tutorials/mock/move_base.py -> /root/workspace_folder/build/py_trees_ros_tutorials/build/lib/py_trees_ros_tutorials/mock
[1.675s] copying py_trees_ros_tutorials/mock/rotate.py -> /root/workspace_folder/build/py_trees_ros_tutorials/build/lib/py_trees_ros_tutorials/mock
[1.697s] copying py_trees_ros_tutorials/mock/safety_sensors.py -> /root/workspace_folder/build/py_trees_ros_tutorials/build/lib/py_trees_ros_tutorials/mock
[1.722s] copying py_trees_ros_tutorials/mock/__init__.py -> /root/workspace_folder/build/py_trees_ros_tutorials/build/lib/py_trees_ros_tutorials/mock
[1.747s] creating /root/workspace_folder/build/py_trees_ros_tutorials/build/lib/py_trees_ros_tutorials/mock/gui
[1.753s] copying py_trees_ros_tutorials/mock/gui/configuration_group_box.py -> /root/workspace_folder/build/py_trees_ros_tutorials/build/lib/py_trees_ros_tutorials/mock/gui
[1.774s] copying py_trees_ros_tutorials/mock/gui/configuration_group_box_ui.py -> /root/workspace_folder/build/py_trees_ros_tutorials/build/lib/py_trees_ros_tutorials/mock/gui
[1.795s] copying py_trees_ros_tutorials/mock/gui/dashboard_group_box.py -> /root/workspace_folder/build/py_trees_ros_tutorials/build/lib/py_trees_ros_tutorials/mock/gui
[1.821s] copying py_trees_ros_tutorials/mock/gui/dashboard_group_box_ui.py -> /root/workspace_folder/build/py_trees_ros_tutorials/build/lib/py_trees_ros_tutorials/mock/gui
[1.846s] copying py_trees_ros_tutorials/mock/gui/main_window.py -> /root/workspace_folder/build/py_trees_ros_tutorials/build/lib/py_trees_ros_tutorials/mock/gui
[1.872s] copying py_trees_ros_tutorials/mock/gui/main_window_rc.py -> /root/workspace_folder/build/py_trees_ros_tutorials/build/lib/py_trees_ros_tutorials/mock/gui
[1.904s] copying py_trees_ros_tutorials/mock/gui/main_window_ui.py -> /root/workspace_folder/build/py_trees_ros_tutorials/build/lib/py_trees_ros_tutorials/mock/gui
[1.927s] copying py_trees_ros_tutorials/mock/gui/__init__.py -> /root/workspace_folder/build/py_trees_ros_tutorials/build/lib/py_trees_ros_tutorials/mock/gui
[1.957s] copying py_trees_ros_tutorials/mock/gui/configuration_group_box.ui -> /root/workspace_folder/build/py_trees_ros_tutorials/build/lib/py_trees_ros_tutorials/mock/gui
[2.000s] copying py_trees_ros_tutorials/mock/gui/dashboard_group_box.ui -> /root/workspace_folder/build/py_trees_ros_tutorials/build/lib/py_trees_ros_tutorials/mock/gui
[2.035s] copying py_trees_ros_tutorials/mock/gui/gen.bash -> /root/workspace_folder/build/py_trees_ros_tutorials/build/lib/py_trees_ros_tutorials/mock/gui
[2.071s] copying py_trees_ros_tutorials/mock/gui/main_window.qrc -> /root/workspace_folder/build/py_trees_ros_tutorials/build/lib/py_trees_ros_tutorials/mock/gui
[2.096s] copying py_trees_ros_tutorials/mock/gui/main_window.ui -> /root/workspace_folder/build/py_trees_ros_tutorials/build/lib/py_trees_ros_tutorials/mock/gui
[2.141s] copying py_trees_ros_tutorials/mock/gui/tuxrobot.png -> /root/workspace_folder/build/py_trees_ros_tutorials/build/lib/py_trees_ros_tutorials/mock/gui
[2.162s] running install
[2.163s] redirecting scripts
[2.163s]   from: /root/workspace_folder/install/py_trees_ros_tutorials/bin
[2.163s]     to: /root/workspace_folder/install/py_trees_ros_tutorials/lib/py_trees_ros_tutorials
[2.164s] running install_lib
[2.165s] creating /root/workspace_folder/install/py_trees_ros_tutorials/lib/python3.8/site-packages/py_trees_ros_tutorials
[2.166s] copying /root/workspace_folder/build/py_trees_ros_tutorials/build/lib/py_trees_ros_tutorials/basic_behaviour_2.py -> /root/workspace_folder/install/py_trees_ros_tutorials/lib/python3.8/site-packages/py_trees_ros_tutorials
[2.166s] copying /root/workspace_folder/build/py_trees_ros_tutorials/build/lib/py_trees_ros_tutorials/version.py -> /root/workspace_folder/install/py_trees_ros_tutorials/lib/python3.8/site-packages/py_trees_ros_tutorials
[2.167s] copying /root/workspace_folder/build/py_trees_ros_tutorials/build/lib/py_trees_ros_tutorials/simple_tree_example.py -> /root/workspace_folder/install/py_trees_ros_tutorials/lib/python3.8/site-packages/py_trees_ros_tutorials
[2.168s] copying /root/workspace_folder/build/py_trees_ros_tutorials/build/lib/py_trees_ros_tutorials/behaviours.py -> /root/workspace_folder/install/py_trees_ros_tutorials/lib/python3.8/site-packages/py_trees_ros_tutorials
[2.168s] copying /root/workspace_folder/build/py_trees_ros_tutorials/build/lib/py_trees_ros_tutorials/five_action_clients_tmp.py -> /root/workspace_folder/install/py_trees_ros_tutorials/lib/python3.8/site-packages/py_trees_ros_tutorials
[2.169s] creating /root/workspace_folder/install/py_trees_ros_tutorials/lib/python3.8/site-packages/py_trees_ros_tutorials/mock
[2.170s] copying /root/workspace_folder/build/py_trees_ros_tutorials/build/lib/py_trees_ros_tutorials/mock/dock.py -> /root/workspace_folder/install/py_trees_ros_tutorials/lib/python3.8/site-packages/py_trees_ros_tutorials/mock
[2.170s] copying /root/workspace_folder/build/py_trees_ros_tutorials/build/lib/py_trees_ros_tutorials/mock/move_base.py -> /root/workspace_folder/install/py_trees_ros_tutorials/lib/python3.8/site-packages/py_trees_ros_tutorials/mock
[2.171s] copying /root/workspace_folder/build/py_trees_ros_tutorials/build/lib/py_trees_ros_tutorials/mock/safety_sensors.py -> /root/workspace_folder/install/py_trees_ros_tutorials/lib/python3.8/site-packages/py_trees_ros_tutorials/mock
[2.172s] copying /root/workspace_folder/build/py_trees_ros_tutorials/build/lib/py_trees_ros_tutorials/mock/led_strip.py -> /root/workspace_folder/install/py_trees_ros_tutorials/lib/python3.8/site-packages/py_trees_ros_tutorials/mock
[2.172s] copying /root/workspace_folder/build/py_trees_ros_tutorials/build/lib/py_trees_ros_tutorials/mock/rotate.py -> /root/workspace_folder/install/py_trees_ros_tutorials/lib/python3.8/site-packages/py_trees_ros_tutorials/mock
[2.172s] copying /root/workspace_folder/build/py_trees_ros_tutorials/build/lib/py_trees_ros_tutorials/mock/battery.py -> /root/workspace_folder/install/py_trees_ros_tutorials/lib/python3.8/site-packages/py_trees_ros_tutorials/mock
[2.173s] creating /root/workspace_folder/install/py_trees_ros_tutorials/lib/python3.8/site-packages/py_trees_ros_tutorials/mock/gui
[2.173s] copying /root/workspace_folder/build/py_trees_ros_tutorials/build/lib/py_trees_ros_tutorials/mock/gui/configuration_group_box.py -> /root/workspace_folder/install/py_trees_ros_tutorials/lib/python3.8/site-packages/py_trees_ros_tutorials/mock/gui
[2.173s] copying /root/workspace_folder/build/py_trees_ros_tutorials/build/lib/py_trees_ros_tutorials/mock/gui/dashboard_group_box_ui.py -> /root/workspace_folder/install/py_trees_ros_tutorials/lib/python3.8/site-packages/py_trees_ros_tutorials/mock/gui
[2.174s] copying /root/workspace_folder/build/py_trees_ros_tutorials/build/lib/py_trees_ros_tutorials/mock/gui/main_window.qrc -> /root/workspace_folder/install/py_trees_ros_tutorials/lib/python3.8/site-packages/py_trees_ros_tutorials/mock/gui
[2.174s] copying /root/workspace_folder/build/py_trees_ros_tutorials/build/lib/py_trees_ros_tutorials/mock/gui/tuxrobot.png -> /root/workspace_folder/install/py_trees_ros_tutorials/lib/python3.8/site-packages/py_trees_ros_tutorials/mock/gui
[2.174s] copying /root/workspace_folder/build/py_trees_ros_tutorials/build/lib/py_trees_ros_tutorials/mock/gui/main_window.py -> /root/workspace_folder/install/py_trees_ros_tutorials/lib/python3.8/site-packages/py_trees_ros_tutorials/mock/gui
[2.174s] copying /root/workspace_folder/build/py_trees_ros_tutorials/build/lib/py_trees_ros_tutorials/mock/gui/main_window_ui.py -> /root/workspace_folder/install/py_trees_ros_tutorials/lib/python3.8/site-packages/py_trees_ros_tutorials/mock/gui
[2.174s] copying /root/workspace_folder/build/py_trees_ros_tutorials/build/lib/py_trees_ros_tutorials/mock/gui/main_window_rc.py -> /root/workspace_folder/install/py_trees_ros_tutorials/lib/python3.8/site-packages/py_trees_ros_tutorials/mock/gui
[2.174s] copying /root/workspace_folder/build/py_trees_ros_tutorials/build/lib/py_trees_ros_tutorials/mock/gui/configuration_group_box.ui -> /root/workspace_folder/install/py_trees_ros_tutorials/lib/python3.8/site-packages/py_trees_ros_tutorials/mock/gui
[2.174s] copying /root/workspace_folder/build/py_trees_ros_tutorials/build/lib/py_trees_ros_tutorials/mock/gui/dashboard_group_box.py -> /root/workspace_folder/install/py_trees_ros_tutorials/lib/python3.8/site-packages/py_trees_ros_tutorials/mock/gui
[2.175s] copying /root/workspace_folder/build/py_trees_ros_tutorials/build/lib/py_trees_ros_tutorials/mock/gui/configuration_group_box_ui.py -> /root/workspace_folder/install/py_trees_ros_tutorials/lib/python3.8/site-packages/py_trees_ros_tutorials/mock/gui
[2.175s] copying /root/workspace_folder/build/py_trees_ros_tutorials/build/lib/py_trees_ros_tutorials/mock/gui/main_window.ui -> /root/workspace_folder/install/py_trees_ros_tutorials/lib/python3.8/site-packages/py_trees_ros_tutorials/mock/gui
[2.175s] copying /root/workspace_folder/build/py_trees_ros_tutorials/build/lib/py_trees_ros_tutorials/mock/gui/gen.bash -> /root/workspace_folder/install/py_trees_ros_tutorials/lib/python3.8/site-packages/py_trees_ros_tutorials/mock/gui
[2.175s] copying /root/workspace_folder/build/py_trees_ros_tutorials/build/lib/py_trees_ros_tutorials/mock/gui/__init__.py -> /root/workspace_folder/install/py_trees_ros_tutorials/lib/python3.8/site-packages/py_trees_ros_tutorials/mock/gui
[2.175s] copying /root/workspace_folder/build/py_trees_ros_tutorials/build/lib/py_trees_ros_tutorials/mock/gui/dashboard_group_box.ui -> /root/workspace_folder/install/py_trees_ros_tutorials/lib/python3.8/site-packages/py_trees_ros_tutorials/mock/gui
[2.175s] copying /root/workspace_folder/build/py_trees_ros_tutorials/build/lib/py_trees_ros_tutorials/mock/launch.py -> /root/workspace_folder/install/py_trees_ros_tutorials/lib/python3.8/site-packages/py_trees_ros_tutorials/mock
[2.175s] copying /root/workspace_folder/build/py_trees_ros_tutorials/build/lib/py_trees_ros_tutorials/mock/dashboard.py -> /root/workspace_folder/install/py_trees_ros_tutorials/lib/python3.8/site-packages/py_trees_ros_tutorials/mock
[2.176s] copying /root/workspace_folder/build/py_trees_ros_tutorials/build/lib/py_trees_ros_tutorials/mock/actions.py -> /root/workspace_folder/install/py_trees_ros_tutorials/lib/python3.8/site-packages/py_trees_ros_tutorials/mock
[2.176s] copying /root/workspace_folder/build/py_trees_ros_tutorials/build/lib/py_trees_ros_tutorials/mock/__init__.py -> /root/workspace_folder/install/py_trees_ros_tutorials/lib/python3.8/site-packages/py_trees_ros_tutorials/mock
[2.176s] copying /root/workspace_folder/build/py_trees_ros_tutorials/build/lib/py_trees_ros_tutorials/two_battery_check.py -> /root/workspace_folder/install/py_trees_ros_tutorials/lib/python3.8/site-packages/py_trees_ros_tutorials
[2.176s] copying /root/workspace_folder/build/py_trees_ros_tutorials/build/lib/py_trees_ros_tutorials/basic_behaviour.py -> /root/workspace_folder/install/py_trees_ros_tutorials/lib/python3.8/site-packages/py_trees_ros_tutorials
[2.176s] copying /root/workspace_folder/build/py_trees_ros_tutorials/build/lib/py_trees_ros_tutorials/__init__.py -> /root/workspace_folder/install/py_trees_ros_tutorials/lib/python3.8/site-packages/py_trees_ros_tutorials
[2.176s] copying /root/workspace_folder/build/py_trees_ros_tutorials/build/lib/py_trees_ros_tutorials/five_action_clients.py -> /root/workspace_folder/install/py_trees_ros_tutorials/lib/python3.8/site-packages/py_trees_ros_tutorials
[2.176s] copying /root/workspace_folder/build/py_trees_ros_tutorials/build/lib/py_trees_ros_tutorials/one_data_gathering.py -> /root/workspace_folder/install/py_trees_ros_tutorials/lib/python3.8/site-packages/py_trees_ros_tutorials
[2.176s] copying /root/workspace_folder/build/py_trees_ros_tutorials/build/lib/py_trees_ros_tutorials/basic_behaviour_1.py -> /root/workspace_folder/install/py_trees_ros_tutorials/lib/python3.8/site-packages/py_trees_ros_tutorials
[2.177s] byte-compiling /root/workspace_folder/install/py_trees_ros_tutorials/lib/python3.8/site-packages/py_trees_ros_tutorials/basic_behaviour_2.py to basic_behaviour_2.cpython-38.pyc
[2.177s] byte-compiling /root/workspace_folder/install/py_trees_ros_tutorials/lib/python3.8/site-packages/py_trees_ros_tutorials/version.py to version.cpython-38.pyc
[2.177s] byte-compiling /root/workspace_folder/install/py_trees_ros_tutorials/lib/python3.8/site-packages/py_trees_ros_tutorials/simple_tree_example.py to simple_tree_example.cpython-38.pyc
[2.178s] byte-compiling /root/workspace_folder/install/py_trees_ros_tutorials/lib/python3.8/site-packages/py_trees_ros_tutorials/behaviours.py to behaviours.cpython-38.pyc
[2.180s] byte-compiling /root/workspace_folder/install/py_trees_ros_tutorials/lib/python3.8/site-packages/py_trees_ros_tutorials/five_action_clients_tmp.py to five_action_clients_tmp.cpython-38.pyc
[2.181s] byte-compiling /root/workspace_folder/install/py_trees_ros_tutorials/lib/python3.8/site-packages/py_trees_ros_tutorials/mock/dock.py to dock.cpython-38.pyc
[2.181s] byte-compiling /root/workspace_folder/install/py_trees_ros_tutorials/lib/python3.8/site-packages/py_trees_ros_tutorials/mock/move_base.py to move_base.cpython-38.pyc
[2.182s] byte-compiling /root/workspace_folder/install/py_trees_ros_tutorials/lib/python3.8/site-packages/py_trees_ros_tutorials/mock/safety_sensors.py to safety_sensors.cpython-38.pyc
[2.183s] byte-compiling /root/workspace_folder/install/py_trees_ros_tutorials/lib/python3.8/site-packages/py_trees_ros_tutorials/mock/led_strip.py to led_strip.cpython-38.pyc
[2.184s] byte-compiling /root/workspace_folder/install/py_trees_ros_tutorials/lib/python3.8/site-packages/py_trees_ros_tutorials/mock/rotate.py to rotate.cpython-38.pyc
[2.185s] byte-compiling /root/workspace_folder/install/py_trees_ros_tutorials/lib/python3.8/site-packages/py_trees_ros_tutorials/mock/battery.py to battery.cpython-38.pyc
[2.186s] byte-compiling /root/workspace_folder/install/py_trees_ros_tutorials/lib/python3.8/site-packages/py_trees_ros_tutorials/mock/gui/configuration_group_box.py to configuration_group_box.cpython-38.pyc
[2.186s] byte-compiling /root/workspace_folder/install/py_trees_ros_tutorials/lib/python3.8/site-packages/py_trees_ros_tutorials/mock/gui/dashboard_group_box_ui.py to dashboard_group_box_ui.cpython-38.pyc
[2.187s] byte-compiling /root/workspace_folder/install/py_trees_ros_tutorials/lib/python3.8/site-packages/py_trees_ros_tutorials/mock/gui/main_window.py to main_window.cpython-38.pyc
[2.188s] byte-compiling /root/workspace_folder/install/py_trees_ros_tutorials/lib/python3.8/site-packages/py_trees_ros_tutorials/mock/gui/main_window_ui.py to main_window_ui.cpython-38.pyc
[2.188s] byte-compiling /root/workspace_folder/install/py_trees_ros_tutorials/lib/python3.8/site-packages/py_trees_ros_tutorials/mock/gui/main_window_rc.py to main_window_rc.cpython-38.pyc
[2.189s] byte-compiling /root/workspace_folder/install/py_trees_ros_tutorials/lib/python3.8/site-packages/py_trees_ros_tutorials/mock/gui/dashboard_group_box.py to dashboard_group_box.cpython-38.pyc
[2.190s] byte-compiling /root/workspace_folder/install/py_trees_ros_tutorials/lib/python3.8/site-packages/py_trees_ros_tutorials/mock/gui/configuration_group_box_ui.py to configuration_group_box_ui.cpython-38.pyc
[2.190s] byte-compiling /root/workspace_folder/install/py_trees_ros_tutorials/lib/python3.8/site-packages/py_trees_ros_tutorials/mock/gui/__init__.py to __init__.cpython-38.pyc
[2.191s] byte-compiling /root/workspace_folder/install/py_trees_ros_tutorials/lib/python3.8/site-packages/py_trees_ros_tutorials/mock/launch.py to launch.cpython-38.pyc
[2.191s] byte-compiling /root/workspace_folder/install/py_trees_ros_tutorials/lib/python3.8/site-packages/py_trees_ros_tutorials/mock/dashboard.py to dashboard.cpython-38.pyc
[2.193s] byte-compiling /root/workspace_folder/install/py_trees_ros_tutorials/lib/python3.8/site-packages/py_trees_ros_tutorials/mock/actions.py to actions.cpython-38.pyc
[2.194s] byte-compiling /root/workspace_folder/install/py_trees_ros_tutorials/lib/python3.8/site-packages/py_trees_ros_tutorials/mock/__init__.py to __init__.cpython-38.pyc
[2.195s] byte-compiling /root/workspace_folder/install/py_trees_ros_tutorials/lib/python3.8/site-packages/py_trees_ros_tutorials/two_battery_check.py to two_battery_check.cpython-38.pyc
[2.196s] byte-compiling /root/workspace_folder/install/py_trees_ros_tutorials/lib/python3.8/site-packages/py_trees_ros_tutorials/basic_behaviour.py to basic_behaviour.cpython-38.pyc
[2.196s] byte-compiling /root/workspace_folder/install/py_trees_ros_tutorials/lib/python3.8/site-packages/py_trees_ros_tutorials/__init__.py to __init__.cpython-38.pyc
[2.196s] byte-compiling /root/workspace_folder/install/py_trees_ros_tutorials/lib/python3.8/site-packages/py_trees_ros_tutorials/five_action_clients.py to five_action_clients.cpython-38.pyc
[2.198s] byte-compiling /root/workspace_folder/install/py_trees_ros_tutorials/lib/python3.8/site-packages/py_trees_ros_tutorials/one_data_gathering.py to one_data_gathering.cpython-38.pyc
[2.199s] byte-compiling /root/workspace_folder/install/py_trees_ros_tutorials/lib/python3.8/site-packages/py_trees_ros_tutorials/basic_behaviour_1.py to basic_behaviour_1.cpython-38.pyc
[2.200s] running install_data
[2.205s] copying package.xml -> /root/workspace_folder/install/py_trees_ros_tutorials/share/py_trees_ros_tutorials
[2.212s] creating /root/workspace_folder/install/py_trees_ros_tutorials/share/ament_index
[2.212s] creating /root/workspace_folder/install/py_trees_ros_tutorials/share/ament_index/resource_index
[2.212s] creating /root/workspace_folder/install/py_trees_ros_tutorials/share/ament_index/resource_index/packages
[2.218s] copying resources/py_trees_ros_tutorials -> /root/workspace_folder/install/py_trees_ros_tutorials/share/ament_index/resource_index/packages
[2.222s] creating /root/workspace_folder/install/py_trees_ros_tutorials/share/py_trees_ros_tutorials/launch
[2.226s] copying launch/mock_robot_launch.py -> /root/workspace_folder/install/py_trees_ros_tutorials/share/py_trees_ros_tutorials/launch
[2.249s] copying launch/simple_tree_example_launch.py -> /root/workspace_folder/install/py_trees_ros_tutorials/share/py_trees_ros_tutorials/launch
[2.270s] copying launch/tutorial_eight_dynamic_application_loading_launch.py -> /root/workspace_folder/install/py_trees_ros_tutorials/share/py_trees_ros_tutorials/launch
[2.292s] copying launch/tutorial_five_action_clients_launch.py -> /root/workspace_folder/install/py_trees_ros_tutorials/share/py_trees_ros_tutorials/launch
[2.316s] copying launch/tutorial_four_introspect_the_tree_launch.py -> /root/workspace_folder/install/py_trees_ros_tutorials/share/py_trees_ros_tutorials/launch
[2.338s] copying launch/tutorial_one_data_gathering_launch.py -> /root/workspace_folder/install/py_trees_ros_tutorials/share/py_trees_ros_tutorials/launch
[2.348s] copying launch/tutorial_seven_docking_cancelling_failing_launch.py -> /root/workspace_folder/install/py_trees_ros_tutorials/share/py_trees_ros_tutorials/launch
[2.368s] copying launch/tutorial_six_context_switching_launch.py -> /root/workspace_folder/install/py_trees_ros_tutorials/share/py_trees_ros_tutorials/launch
[2.391s] copying launch/tutorial_three_introspect_the_blackboard_launch.py -> /root/workspace_folder/install/py_trees_ros_tutorials/share/py_trees_ros_tutorials/launch
[2.413s] copying launch/tutorial_two_battery_check_launch.py -> /root/workspace_folder/install/py_trees_ros_tutorials/share/py_trees_ros_tutorials/launch
[2.427s] creating /root/workspace_folder/install/py_trees_ros_tutorials/share/py_trees_ros_tutorials/launch/__pycache__
[2.434s] copying launch/__pycache__/mock_robot_launch.cpython-38.pyc -> /root/workspace_folder/install/py_trees_ros_tutorials/share/py_trees_ros_tutorials/launch/__pycache__
[2.454s] copying launch/__pycache__/tutorial_five_action_clients_launch.cpython-38.pyc -> /root/workspace_folder/install/py_trees_ros_tutorials/share/py_trees_ros_tutorials/launch/__pycache__
[2.471s] running install_egg_info
[2.472s] Copying /root/workspace_folder/build/py_trees_ros_tutorials/py_trees_ros_tutorials.egg-info to /root/workspace_folder/install/py_trees_ros_tutorials/lib/python3.8/site-packages/py_trees_ros_tutorials-2.1.0-py3.8.egg-info
[2.473s] running install_scripts
[2.476s] Installing mock-battery script to /root/workspace_folder/install/py_trees_ros_tutorials/lib/py_trees_ros_tutorials
[2.477s] Installing mock-dashboard script to /root/workspace_folder/install/py_trees_ros_tutorials/lib/py_trees_ros_tutorials
[2.477s] Installing mock-dock-client script to /root/workspace_folder/install/py_trees_ros_tutorials/lib/py_trees_ros_tutorials
[2.478s] Installing mock-docking-controller script to /root/workspace_folder/install/py_trees_ros_tutorials/lib/py_trees_ros_tutorials
[2.478s] Installing mock-led-strip script to /root/workspace_folder/install/py_trees_ros_tutorials/lib/py_trees_ros_tutorials
[2.478s] Installing mock-move-base script to /root/workspace_folder/install/py_trees_ros_tutorials/lib/py_trees_ros_tutorials
[2.479s] Installing mock-move-base-client script to /root/workspace_folder/install/py_trees_ros_tutorials/lib/py_trees_ros_tutorials
[2.479s] Installing mock-rotate-client script to /root/workspace_folder/install/py_trees_ros_tutorials/lib/py_trees_ros_tutorials
[2.479s] Installing mock-rotation-controller script to /root/workspace_folder/install/py_trees_ros_tutorials/lib/py_trees_ros_tutorials
[2.480s] Installing mock-safety-sensors script to /root/workspace_folder/install/py_trees_ros_tutorials/lib/py_trees_ros_tutorials
[2.480s] Installing simple-tree-example script to /root/workspace_folder/install/py_trees_ros_tutorials/lib/py_trees_ros_tutorials
[2.481s] Installing tree-action-clients script to /root/workspace_folder/install/py_trees_ros_tutorials/lib/py_trees_ros_tutorials
[2.481s] Installing tree-battery-check script to /root/workspace_folder/install/py_trees_ros_tutorials/lib/py_trees_ros_tutorials
[2.481s] Installing tree-context-switching script to /root/workspace_folder/install/py_trees_ros_tutorials/lib/py_trees_ros_tutorials
[2.482s] Installing tree-data-gathering script to /root/workspace_folder/install/py_trees_ros_tutorials/lib/py_trees_ros_tutorials
[2.482s] Installing tree-docking-cancelling-failing script to /root/workspace_folder/install/py_trees_ros_tutorials/lib/py_trees_ros_tutorials
[2.482s] Installing tree-dynamic-application-loading script to /root/workspace_folder/install/py_trees_ros_tutorials/lib/py_trees_ros_tutorials
[2.493s] writing list of installed files to '/root/workspace_folder/build/py_trees_ros_tutorials/install.log'
[2.524s] Invoked command in '/root/workspace_folder/src/py_trees' returned '0': PYTHONPATH=/root/workspace_folder/install/py_trees_ros_tutorials/lib/python3.8/site-packages:${PYTHONPATH} /usr/bin/python3 setup.py egg_info --egg-base /root/workspace_folder/build/py_trees_ros_tutorials build --build-base /root/workspace_folder/build/py_trees_ros_tutorials/build install --prefix /root/workspace_folder/install/py_trees_ros_tutorials --record /root/workspace_folder/build/py_trees_ros_tutorials/install.log --single-version-externally-managed
